#
# A fatal error has been detected by the Java Runtime Environment:
#
#  EXCEPTION_ACCESS_VIOLATION (0xc0000005) at pc=0x00007ffb196ff5e7, pid=9152, tid=4400
#
# JRE version: OpenJDK Runtime Environment (15.0+36) (build 15+36-1562)
# Java VM: OpenJDK 64-Bit Server VM (15+36-1562, mixed mode, sharing, tiered, compressed oops, g1 gc, windows-amd64)
# Problematic frame:
# C  [awt.dll+0x1f5e7]
#
# No core dump will be written. Minidumps are not enabled by default on client versions of Windows
#
# If you would like to submit a bug report, please visit:
#   https://bugreport.java.com/bugreport/crash.jsp
# The crash happened outside the Java Virtual Machine in native code.
# See problematic frame for where to report the bug.
#

---------------  S U M M A R Y ------------

Command Line: -agentlib:jdwp=transport=dt_socket,address=127.0.0.1:54503,suspend=y,server=n -javaagent:C:\Users\carlo\AppData\Local\JetBrains\IdeaIC2020.2\captureAgent\debugger-agent.jar -Dfile.encoding=UTF-8 prove02.Game

Host: AMD A9-9425 RADEON R5, 5 COMPUTE CORES 2C+3G   , 2 cores, 7G,  Windows 10 , 64 bit Build 18362 (10.0.18362.1082)
Time: Fri Sep 25 17:52:57 2020 Argentina Standard Time elapsed time: 74.707737 seconds (0d 0h 1m 14s)

---------------  T H R E A D  ---------------

Current thread (0x0000020b90405610):  JavaThread "AWT-EventQueue-0" [_thread_in_native, id=4400, stack(0x0000009000000000,0x0000009000100000)]

Stack: [0x0000009000000000,0x0000009000100000],  sp=0x00000090000fdfe0,  free space=1015k
Native frames: (J=compiled Java code, j=interpreted, Vv=VM code, C=native code)
C  [awt.dll+0x1f5e7]

Java frames: (J=compiled Java code, j=interpreted, Vv=VM code)
j  sun.java2d.d3d.D3DSurfaceData.initOps(III)V+0 java.desktop@15
j  sun.java2d.d3d.D3DSurfaceData.<init>(Lsun/awt/windows/WComponentPeer;Lsun/java2d/d3d/D3DGraphicsConfig;IILjava/awt/Image;Ljava/awt/image/ColorModel;IILsun/java2d/pipe/hw/ExtendedBufferCapabilities$VSyncType;I)V+212 java.desktop@15
j  sun.java2d.d3d.D3DSurfaceData.createData(Lsun/java2d/d3d/D3DGraphicsConfig;IILjava/awt/image/ColorModel;Ljava/awt/Image;I)Lsun/java2d/d3d/D3DSurfaceData;+70 java.desktop@15
j  sun.java2d.d3d.D3DVolatileSurfaceManager.initAcceleratedSurface()Lsun/java2d/SurfaceData;+142 java.desktop@15
j  sun.java2d.d3d.D3DVolatileSurfaceManager.restoreAcceleratedSurface()V+49 java.desktop@15
j  sun.awt.image.VolatileSurfaceManager.validate(Ljava/awt/GraphicsConfiguration;)I+94 java.desktop@15
j  sun.awt.image.SunVolatileImage.validate(Ljava/awt/GraphicsConfiguration;)I+5 java.desktop@15
j  javax.swing.RepaintManager$PaintManager.paint(Ljavax/swing/JComponent;Ljavax/swing/JComponent;Ljava/awt/Graphics;IIII)Z+78 java.desktop@15
j  javax.swing.RepaintManager.paint(Ljavax/swing/JComponent;Ljavax/swing/JComponent;Ljava/awt/Graphics;IIII)V+52 java.desktop@15
j  javax.swing.JComponent._paintImmediately(IIII)V+683 java.desktop@15
j  javax.swing.JComponent.paintImmediately(IIII)V+138 java.desktop@15
j  javax.swing.RepaintManager$4.run()Ljava/lang/Void;+81 java.desktop@15
j  javax.swing.RepaintManager$4.run()Ljava/lang/Object;+1 java.desktop@15
J 720 c1 java.security.AccessController.executePrivileged(Ljava/security/PrivilegedAction;Ljava/security/AccessControlContext;Ljava/lang/Class;)Ljava/lang/Object; java.base@15 (65 bytes) @ 0x0000020b806985d4 [0x0000020b80698460+0x0000000000000174]
j  java.security.AccessController.doPrivileged(Ljava/security/PrivilegedAction;Ljava/security/AccessControlContext;)Ljava/lang/Object;+13 java.base@15
j  java.security.ProtectionDomain$JavaSecurityAccessImpl.doIntersectionPrivilege(Ljava/security/PrivilegedAction;Ljava/security/AccessControlContext;Ljava/security/AccessControlContext;)Ljava/lang/Object;+18 java.base@15
j  javax.swing.RepaintManager.paintDirtyRegions(Ljava/util/Map;)V+154 java.desktop@15
j  javax.swing.RepaintManager.paintDirtyRegions()V+46 java.desktop@15
j  javax.swing.RepaintManager.prePaintDirtyRegions()V+73 java.desktop@15
j  javax.swing.RepaintManager$ProcessingRunnable.run()V+37 java.desktop@15
j  java.awt.event.InvocationEvent.dispatch$$$capture()V+47 java.desktop@15
j  java.awt.event.InvocationEvent.dispatch()V+5 java.desktop@15
j  java.awt.EventQueue.dispatchEventImpl(Ljava/awt/AWTEvent;Ljava/lang/Object;)V+21 java.desktop@15
j  java.awt.EventQueue$4.run()Ljava/lang/Void;+32 java.desktop@15
j  java.awt.EventQueue$4.run()Ljava/lang/Object;+1 java.desktop@15
J 720 c1 java.security.AccessController.executePrivileged(Ljava/security/PrivilegedAction;Ljava/security/AccessControlContext;Ljava/lang/Class;)Ljava/lang/Object; java.base@15 (65 bytes) @ 0x0000020b806985d4 [0x0000020b80698460+0x0000000000000174]
j  java.security.AccessController.doPrivileged(Ljava/security/PrivilegedAction;Ljava/security/AccessControlContext;)Ljava/lang/Object;+13 java.base@15
j  java.security.ProtectionDomain$JavaSecurityAccessImpl.doIntersectionPrivilege(Ljava/security/PrivilegedAction;Ljava/security/AccessControlContext;Ljava/security/AccessControlContext;)Ljava/lang/Object;+18 java.base@15
j  java.awt.EventQueue.dispatchEvent(Ljava/awt/AWTEvent;)V+46 java.desktop@15
j  java.awt.EventDispatchThread.pumpOneEventForFilters(I)V+78 java.desktop@15
j  java.awt.EventDispatchThread.pumpEventsForFilter(ILjava/awt/Conditional;Ljava/awt/EventFilter;)V+35 java.desktop@15
j  java.awt.EventDispatchThread.pumpEventsForHierarchy(ILjava/awt/Conditional;Ljava/awt/Component;)V+11 java.desktop@15
j  java.awt.EventDispatchThread.pumpEvents(ILjava/awt/Conditional;)V+4 java.desktop@15
j  java.awt.EventDispatchThread.pumpEvents(Ljava/awt/Conditional;)V+3 java.desktop@15
j  java.awt.EventDispatchThread.run()V+9 java.desktop@15
v  ~StubRoutines::call_stub

siginfo: EXCEPTION_ACCESS_VIOLATION (0xc0000005), reading address 0x0000000000000000


Register to memory mapping:

RIP=0x00007ffb196ff5e7 awt.dll
RAX=0x0000000000010001 is an unknown value
RBX=0x0000000000000001 is an unknown value
RCX=0x0 is NULL
RDX=0x0000000000000001 is an unknown value
RSP=0x00000090000fdfe0 is pointing into the stack for thread: 0x0000020b90405610
RBP=0x0000000000010003 is an unknown value
RSI=0x0000020b90057140 points into unknown readable memory: 0x6e75735f00000002 | 02 00 00 00 5f 73 75 6e
RDI=0x0000000000000002 is an unknown value
R8 =0x00000090000fdf88 is pointing into the stack for thread: 0x0000020b90405610
R9 =0x0000000000010003 is an unknown value
R10=0x0 is NULL
R11=0x0000000000000246 is an unknown value
R12=0x0 is NULL
R13={method} {0x0000020bff3baaf8} 'initOps' '(III)V' in 'sun/java2d/d3d/D3DSurfaceData'
R14=0x00000090000fe100 is pointing into the stack for thread: 0x0000020b90405610
R15=0x0000020b90405610 is a thread


Registers:
RAX=0x0000000000010001, RBX=0x0000000000000001, RCX=0x0000000000000000, RDX=0x0000000000000001
RSP=0x00000090000fdfe0, RBP=0x0000000000010003, RSI=0x0000020b90057140, RDI=0x0000000000000002
R8 =0x00000090000fdf88, R9 =0x0000000000010003, R10=0x0000000000000000, R11=0x0000000000000246
R12=0x0000000000000000, R13=0x0000020bff3baaf0, R14=0x00000090000fe100, R15=0x0000020b90405610
RIP=0x00007ffb196ff5e7, EFLAGS=0x0000000000010297

Top of Stack: (sp=0x00000090000fdfe0)
0x00000090000fdfe0:   0000000000000000 0000020b90057140
0x00000090000fdff0:   00000090000fe100 0000020b8000cda0
0x00000090000fe000:   0000000000000000 00007ffb19703c24
0x00000090000fe010:   0000020bffa8ff40 0000000000000000
0x00000090000fe020:   0000000000000181 0000020bff188c4f
0x00000090000fe030:   0000000000000000 0000020b80015f02
0x00000090000fe040:   0000020bff3baaf0 00000090000fe0c8
0x00000090000fe050:   0000000000000000 0000000000000000
0x00000090000fe060:   000000900000016a 00000090000fe0e0
0x00000090000fe070:   0000020b8000cda0 000000008fb9ce20
0x00000090000fe080:   00000090000fe080 0000000000000000
0x00000090000fe090:   00000090000fe100 0000020bff3bd230
0x00000090000fe0a0:   0000000000000000 000000008fd451f8
0x00000090000fe0b0:   0000020bff3baaf0 0000000000000000
0x00000090000fe0c0:   00000090000fe0e8 00000090000fe150
0x00000090000fe0d0:   0000020b8000cda0 0000000000000000 

Instructions: (pc=0x00007ffb196ff5e7)
0x00007ffb196ff4e7:   01 00 00 48 8d 8c 24 90 03 00 00 8b f8 ff 15 0e
0x00007ffb196ff4f7:   60 0c 00 4c 8d 44 24 20 48 8d 15 f2 69 0d 00 48
0x00007ffb196ff507:   8d 8c 24 90 03 00 00 e8 c5 0b 00 00 83 ff 01 75
0x00007ffb196ff517:   1a 3b c7 75 16 8b 54 24 20 4d 8b c6 8b 4c 24 24
0x00007ffb196ff527:   e8 b4 f6 ff ff 85 c0 79 02 ff c6 ff c3 4c 8d 44
0x00007ffb196ff537:   24 30 8b d3 45 33 c9 33 c9 ff 15 42 67 11 00 85
0x00007ffb196ff547:   c0 0f 85 28 ff ff ff 4c 8b b4 24 c8 03 00 00 48
0x00007ffb196ff557:   8b bc 24 c0 03 00 00 3b f5 74 04 33 c0 eb 18 ba
0x00007ffb196ff567:   01 00 00 00 4c 8d 05 8e 69 0d 00 8b ca e8 6b 32
0x00007ffb196ff577:   05 00 b8 05 40 00 80 48 8b 8c 24 a0 03 00 00 48
0x00007ffb196ff587:   33 cc e8 62 1e 0c 00 4c 8d 9c 24 b0 03 00 00 49
0x00007ffb196ff597:   8b 5b 20 49 8b 6b 28 49 8b e3 5e c3 cc cc cc cc
0x00007ffb196ff5a7:   cc cc cc cc cc cc cc cc cc 48 89 6c 24 18 56 48
0x00007ffb196ff5b7:   83 ec 20 48 8b f1 48 8b ea 48 8b 49 08 48 85 c9
0x00007ffb196ff5c7:   74 4b 48 8b 01 48 89 5c 24 30 48 89 7c 24 38 ff
0x00007ffb196ff5d7:   50 20 33 db 8b f8 85 c0 74 18 48 8b 4e 08 8b d3
0x00007ffb196ff5e7:   4c 8b 01 41 ff 50 78 48 3b c5 74 1d ff c3 3b df
0x00007ffb196ff5f7:   72 e8 33 c0 48 8b 5c 24 30 48 8b 7c 24 38 48 8b
0x00007ffb196ff607:   6c 24 40 48 83 c4 20 5e c3 8b c3 eb e7 48 8b 6c
0x00007ffb196ff617:   24 40 33 c0 48 83 c4 20 5e c3 cc cc cc cc cc cc
0x00007ffb196ff627:   cc cc cc cc cc cc cc cc cc 40 53 48 83 ec 20 48
0x00007ffb196ff637:   8b d9 8b ca e8 cc 2f 0b 00 48 85 c0 75 06 48 83
0x00007ffb196ff647:   c4 20 5b c3 48 8b d0 48 8b cb 48 83 c4 20 5b e9
0x00007ffb196ff657:   55 ff ff ff cc cc cc cc cc 48 63 41 18 48 8b d1
0x00007ffb196ff667:   85 c0 79 05 48 8b 41 20 c3 48 8d 0c 40 48 8b 42
0x00007ffb196ff677:   30 48 8b 44 c8 10 c3 cc cc 48 89 5c 24 08 48 89
0x00007ffb196ff687:   74 24 10 57 41 56 41 57 48 83 ec 20 33 db 8b fa
0x00007ffb196ff697:   4d 8b f8 48 8b f1 3b 11 0f 83 b4 00 00 00 48 8b
0x00007ffb196ff6a7:   49 30 48 85 c9 0f 84 a7 00 00 00 4c 8d 04 7f 4e
0x00007ffb196ff6b7:   8d 34 c5 00 00 00 00 41 8b 54 0e 08 49 8d 04 0e
0x00007ffb196ff6c7:   83 fa ff 0f 84 89 00 00 00 85 d2 75 7a 48 89 5c
0x00007ffb196ff6d7:   24 58 48 39 18 74 07 bb 05 40 00 80 eb 45 8b d7 


Stack slot to memory mapping:
stack at sp + 0 slots: 0x0 is NULL
stack at sp + 1 slots: 0x0000020b90057140 points into unknown readable memory: 0x6e75735f00000002 | 02 00 00 00 5f 73 75 6e
stack at sp + 2 slots: 0x00000090000fe100 is pointing into the stack for thread: 0x0000020b90405610
stack at sp + 3 slots: 0x0000020b8000cda0 is at code_begin+7584 in an Interpreter codelet
invoke return entry points  [0x0000020b8000b000, 0x0000020b8000d0c0]  8384 bytes
stack at sp + 4 slots: 0x0 is NULL
stack at sp + 5 slots: 0x00007ffb19703c24 awt.dll
stack at sp + 6 slots: 0x0000020bffa8ff40 points into unknown readable memory: 0x00007ffb19703470 | 70 34 70 19 fb 7f 00 00
stack at sp + 7 slots: 0x0 is NULL


---------------  P R O C E S S  ---------------

Threads class SMR info:
_java_thread_list=0x0000020b9041cff0, length=17, elements={
0x0000020bfef30570, 0x0000020bfef32f60, 0x0000020bfef4bec0, 0x0000020bfef4e790,
0x0000020bfef4f050, 0x0000020bfef50c50, 0x0000020bfefbb150, 0x0000020bff8cafc0,
0x0000020bee700b30, 0x0000020bff9faed0, 0x0000020bffaeba90, 0x0000020bffc6e5f0,
0x0000020bffc6eac0, 0x0000020b90405610, 0x0000020b90472100, 0x0000020b90456090,
0x0000020b90453070
}

Java Threads: ( => current thread )
  0x0000020bfef30570 JavaThread "Reference Handler" daemon [_thread_blocked, id=9608, stack(0x000000907e500000,0x000000907e600000)]
  0x0000020bfef32f60 JavaThread "Finalizer" daemon [_thread_blocked, id=7148, stack(0x000000907e600000,0x000000907e700000)]
  0x0000020bfef4bec0 JavaThread "Signal Dispatcher" daemon [_thread_blocked, id=7560, stack(0x000000907e700000,0x000000907e800000)]
  0x0000020bfef4e790 JavaThread "Attach Listener" daemon [_thread_blocked, id=200, stack(0x000000907e800000,0x000000907e900000)]
  0x0000020bfef4f050 JavaThread "Service Thread" daemon [_thread_blocked, id=1200, stack(0x000000907e900000,0x000000907ea00000)]
  0x0000020bfef50c50 JavaThread "C2 CompilerThread0" daemon [_thread_blocked, id=13468, stack(0x000000907ea00000,0x000000907eb00000)]
  0x0000020bfefbb150 JavaThread "C1 CompilerThread0" daemon [_thread_blocked, id=4388, stack(0x000000907eb00000,0x000000907ec00000)]
  0x0000020bff8cafc0 JavaThread "Sweeper thread" daemon [_thread_blocked, id=11276, stack(0x000000907ec00000,0x000000907ed00000)]
  0x0000020bee700b30 JavaThread "Common-Cleaner" daemon [_thread_blocked, id=10752, stack(0x000000907ed00000,0x000000907ee00000)]
  0x0000020bff9faed0 JavaThread "JDWP Event Helper Thread" daemon [_thread_blocked, id=10140, stack(0x000000907ef00000,0x000000907f000000)]
  0x0000020bffaeba90 JavaThread "Notification Thread" daemon [_thread_blocked, id=5572, stack(0x000000907f100000,0x000000907f200000)]
  0x0000020bffc6e5f0 JavaThread "Java2D Disposer" daemon [_thread_blocked, id=13596, stack(0x000000907f300000,0x000000907f400000)]
  0x0000020bffc6eac0 JavaThread "AWT-Shutdown" [_thread_blocked, id=7408, stack(0x000000907f400000,0x000000907f500000)]
=>0x0000020b90405610 JavaThread "AWT-EventQueue-0" [_thread_in_native, id=4400, stack(0x0000009000000000,0x0000009000100000)]
  0x0000020b90472100 JavaThread "Thread-0" [_thread_blocked, id=14904, stack(0x0000009000100000,0x0000009000200000)]
  0x0000020b90456090 JavaThread "DestroyJavaVM" [_thread_blocked, id=14300, stack(0x000000907de00000,0x000000907df00000)]
  0x0000020b90453070 JavaThread "SIGINT handler" daemon [_thread_blocked, id=9248, stack(0x0000009000500000,0x0000009000600000)]

Other Threads:
  0x0000020bee70e820 VMThread "VM Thread" [stack: 0x000000907e400000,0x000000907e500000] [id=10364]
  0x0000020bff9d8e70 WatcherThread [stack: 0x000000907f200000,0x000000907f300000] [id=10264]
  0x0000020bee680d10 GCTaskThread "GC Thread#0" [stack: 0x000000907df00000,0x000000907e000000] [id=14692]
  0x0000020bff9d4150 GCTaskThread "GC Thread#1" [stack: 0x000000907f600000,0x000000907f700000] [id=7340]
  0x0000020bee691c80 ConcurrentGCThread "G1 Main Marker" [stack: 0x000000907e000000,0x000000907e100000] [id=3704]
  0x0000020bee692780 ConcurrentGCThread "G1 Conc#0" [stack: 0x000000907e100000,0x000000907e200000] [id=5592]
  0x0000020bee6ee350 ConcurrentGCThread "G1 Refine#0" [stack: 0x000000907e200000,0x000000907e300000] [id=13100]
  0x0000020bee6eee60 ConcurrentGCThread "G1 Young RemSet Sampling" [stack: 0x000000907e300000,0x000000907e400000] [id=14344]

Threads with active compile tasks:

VM state: not at safepoint (normal execution)

VM Mutex/Monitor currently owned by a thread: None

Heap address: 0x0000000088800000, size: 1912 MB, Compressed Oops mode: 32-bit
CDS archive(s) mapped at: [0x0000000800000000-0x0000000800b50000-0x0000000800b50000), size 11862016, SharedBaseAddress: 0x0000000800000000, ArchiveRelocationMode: 0.
Compressed class space mapped at: 0x0000000800b50000-0x0000000840b50000, size: 1073741824
Narrow klass base: 0x0000000800000000, Narrow klass shift: 3, Narrow klass range: 0x100000000

GC Precious Log:
 CPUs: 2 total, 2 available
 Memory: 7645M
 Large Page Support: Disabled
 NUMA Support: Disabled
 Compressed Oops: Enabled (32-bit)
 Heap Region Size: 1M
 Heap Min Capacity: 8M
 Heap Initial Capacity: 120M
 Heap Max Capacity: 1912M
 Pre-touch: Disabled
 Parallel Workers: 2
 Concurrent Workers: 1
 Concurrent Refinement Workers: 2
 Periodic GC: Disabled

Heap:
 garbage-first heap   total 122880K, used 5404K [0x0000000088800000, 0x0000000100000000)
  region size 1024K, 6 young (6144K), 1 survivors (1024K)
 Metaspace       used 6678K, capacity 6834K, committed 7040K, reserved 1056768K
  class space    used 733K, capacity 783K, committed 896K, reserved 1048576K

Heap Regions: E=young(eden), S=young(survivor), O=old, HS=humongous(starts), HC=humongous(continues), CS=collection set, F=free, OA=open archive, CA=closed archive, TAMS=top-at-mark-start (previous, next)
|   0|0x0000000088800000, 0x0000000088847200, 0x0000000088900000| 27%| O|  |TAMS 0x0000000088800000, 0x0000000088800000| Untracked 
|   1|0x0000000088900000, 0x0000000088900000, 0x0000000088a00000|  0%| F|  |TAMS 0x0000000088900000, 0x0000000088900000| Untracked 
|   2|0x0000000088a00000, 0x0000000088a00000, 0x0000000088b00000|  0%| F|  |TAMS 0x0000000088a00000, 0x0000000088a00000| Untracked 
|   3|0x0000000088b00000, 0x0000000088b00000, 0x0000000088c00000|  0%| F|  |TAMS 0x0000000088b00000, 0x0000000088b00000| Untracked 
|   4|0x0000000088c00000, 0x0000000088c00000, 0x0000000088d00000|  0%| F|  |TAMS 0x0000000088c00000, 0x0000000088c00000| Untracked 
|   5|0x0000000088d00000, 0x0000000088d00000, 0x0000000088e00000|  0%| F|  |TAMS 0x0000000088d00000, 0x0000000088d00000| Untracked 
|   6|0x0000000088e00000, 0x0000000088e00000, 0x0000000088f00000|  0%| F|  |TAMS 0x0000000088e00000, 0x0000000088e00000| Untracked 
|   7|0x0000000088f00000, 0x0000000088f00000, 0x0000000089000000|  0%| F|  |TAMS 0x0000000088f00000, 0x0000000088f00000| Untracked 
|   8|0x0000000089000000, 0x0000000089000000, 0x0000000089100000|  0%| F|  |TAMS 0x0000000089000000, 0x0000000089000000| Untracked 
|   9|0x0000000089100000, 0x0000000089100000, 0x0000000089200000|  0%| F|  |TAMS 0x0000000089100000, 0x0000000089100000| Untracked 
|  10|0x0000000089200000, 0x0000000089200000, 0x0000000089300000|  0%| F|  |TAMS 0x0000000089200000, 0x0000000089200000| Untracked 
|  11|0x0000000089300000, 0x0000000089300000, 0x0000000089400000|  0%| F|  |TAMS 0x0000000089300000, 0x0000000089300000| Untracked 
|  12|0x0000000089400000, 0x0000000089400000, 0x0000000089500000|  0%| F|  |TAMS 0x0000000089400000, 0x0000000089400000| Untracked 
|  13|0x0000000089500000, 0x0000000089500000, 0x0000000089600000|  0%| F|  |TAMS 0x0000000089500000, 0x0000000089500000| Untracked 
|  14|0x0000000089600000, 0x0000000089600000, 0x0000000089700000|  0%| F|  |TAMS 0x0000000089600000, 0x0000000089600000| Untracked 
|  15|0x0000000089700000, 0x0000000089700000, 0x0000000089800000|  0%| F|  |TAMS 0x0000000089700000, 0x0000000089700000| Untracked 
|  16|0x0000000089800000, 0x0000000089800000, 0x0000000089900000|  0%| F|  |TAMS 0x0000000089800000, 0x0000000089800000| Untracked 
|  17|0x0000000089900000, 0x0000000089900000, 0x0000000089a00000|  0%| F|  |TAMS 0x0000000089900000, 0x0000000089900000| Untracked 
|  18|0x0000000089a00000, 0x0000000089a00000, 0x0000000089b00000|  0%| F|  |TAMS 0x0000000089a00000, 0x0000000089a00000| Untracked 
|  19|0x0000000089b00000, 0x0000000089b00000, 0x0000000089c00000|  0%| F|  |TAMS 0x0000000089b00000, 0x0000000089b00000| Untracked 
|  20|0x0000000089c00000, 0x0000000089c00000, 0x0000000089d00000|  0%| F|  |TAMS 0x0000000089c00000, 0x0000000089c00000| Untracked 
|  21|0x0000000089d00000, 0x0000000089d00000, 0x0000000089e00000|  0%| F|  |TAMS 0x0000000089d00000, 0x0000000089d00000| Untracked 
|  22|0x0000000089e00000, 0x0000000089e00000, 0x0000000089f00000|  0%| F|  |TAMS 0x0000000089e00000, 0x0000000089e00000| Untracked 
|  23|0x0000000089f00000, 0x0000000089f00000, 0x000000008a000000|  0%| F|  |TAMS 0x0000000089f00000, 0x0000000089f00000| Untracked 
|  24|0x000000008a000000, 0x000000008a000000, 0x000000008a100000|  0%| F|  |TAMS 0x000000008a000000, 0x000000008a000000| Untracked 
|  25|0x000000008a100000, 0x000000008a100000, 0x000000008a200000|  0%| F|  |TAMS 0x000000008a100000, 0x000000008a100000| Untracked 
|  26|0x000000008a200000, 0x000000008a200000, 0x000000008a300000|  0%| F|  |TAMS 0x000000008a200000, 0x000000008a200000| Untracked 
|  27|0x000000008a300000, 0x000000008a300000, 0x000000008a400000|  0%| F|  |TAMS 0x000000008a300000, 0x000000008a300000| Untracked 
|  28|0x000000008a400000, 0x000000008a400000, 0x000000008a500000|  0%| F|  |TAMS 0x000000008a400000, 0x000000008a400000| Untracked 
|  29|0x000000008a500000, 0x000000008a500000, 0x000000008a600000|  0%| F|  |TAMS 0x000000008a500000, 0x000000008a500000| Untracked 
|  30|0x000000008a600000, 0x000000008a600000, 0x000000008a700000|  0%| F|  |TAMS 0x000000008a600000, 0x000000008a600000| Untracked 
|  31|0x000000008a700000, 0x000000008a700000, 0x000000008a800000|  0%| F|  |TAMS 0x000000008a700000, 0x000000008a700000| Untracked 
|  32|0x000000008a800000, 0x000000008a800000, 0x000000008a900000|  0%| F|  |TAMS 0x000000008a800000, 0x000000008a800000| Untracked 
|  33|0x000000008a900000, 0x000000008a900000, 0x000000008aa00000|  0%| F|  |TAMS 0x000000008a900000, 0x000000008a900000| Untracked 
|  34|0x000000008aa00000, 0x000000008aa00000, 0x000000008ab00000|  0%| F|  |TAMS 0x000000008aa00000, 0x000000008aa00000| Untracked 
|  35|0x000000008ab00000, 0x000000008ab00000, 0x000000008ac00000|  0%| F|  |TAMS 0x000000008ab00000, 0x000000008ab00000| Untracked 
|  36|0x000000008ac00000, 0x000000008ac00000, 0x000000008ad00000|  0%| F|  |TAMS 0x000000008ac00000, 0x000000008ac00000| Untracked 
|  37|0x000000008ad00000, 0x000000008ad00000, 0x000000008ae00000|  0%| F|  |TAMS 0x000000008ad00000, 0x000000008ad00000| Untracked 
|  38|0x000000008ae00000, 0x000000008ae00000, 0x000000008af00000|  0%| F|  |TAMS 0x000000008ae00000, 0x000000008ae00000| Untracked 
|  39|0x000000008af00000, 0x000000008af00000, 0x000000008b000000|  0%| F|  |TAMS 0x000000008af00000, 0x000000008af00000| Untracked 
|  40|0x000000008b000000, 0x000000008b000000, 0x000000008b100000|  0%| F|  |TAMS 0x000000008b000000, 0x000000008b000000| Untracked 
|  41|0x000000008b100000, 0x000000008b100000, 0x000000008b200000|  0%| F|  |TAMS 0x000000008b100000, 0x000000008b100000| Untracked 
|  42|0x000000008b200000, 0x000000008b200000, 0x000000008b300000|  0%| F|  |TAMS 0x000000008b200000, 0x000000008b200000| Untracked 
|  43|0x000000008b300000, 0x000000008b300000, 0x000000008b400000|  0%| F|  |TAMS 0x000000008b300000, 0x000000008b300000| Untracked 
|  44|0x000000008b400000, 0x000000008b400000, 0x000000008b500000|  0%| F|  |TAMS 0x000000008b400000, 0x000000008b400000| Untracked 
|  45|0x000000008b500000, 0x000000008b500000, 0x000000008b600000|  0%| F|  |TAMS 0x000000008b500000, 0x000000008b500000| Untracked 
|  46|0x000000008b600000, 0x000000008b600000, 0x000000008b700000|  0%| F|  |TAMS 0x000000008b600000, 0x000000008b600000| Untracked 
|  47|0x000000008b700000, 0x000000008b700000, 0x000000008b800000|  0%| F|  |TAMS 0x000000008b700000, 0x000000008b700000| Untracked 
|  48|0x000000008b800000, 0x000000008b800000, 0x000000008b900000|  0%| F|  |TAMS 0x000000008b800000, 0x000000008b800000| Untracked 
|  49|0x000000008b900000, 0x000000008b900000, 0x000000008ba00000|  0%| F|  |TAMS 0x000000008b900000, 0x000000008b900000| Untracked 
|  50|0x000000008ba00000, 0x000000008ba00000, 0x000000008bb00000|  0%| F|  |TAMS 0x000000008ba00000, 0x000000008ba00000| Untracked 
|  51|0x000000008bb00000, 0x000000008bb00000, 0x000000008bc00000|  0%| F|  |TAMS 0x000000008bb00000, 0x000000008bb00000| Untracked 
|  52|0x000000008bc00000, 0x000000008bc00000, 0x000000008bd00000|  0%| F|  |TAMS 0x000000008bc00000, 0x000000008bc00000| Untracked 
|  53|0x000000008bd00000, 0x000000008bd00000, 0x000000008be00000|  0%| F|  |TAMS 0x000000008bd00000, 0x000000008bd00000| Untracked 
|  54|0x000000008be00000, 0x000000008be00000, 0x000000008bf00000|  0%| F|  |TAMS 0x000000008be00000, 0x000000008be00000| Untracked 
|  55|0x000000008bf00000, 0x000000008bf00000, 0x000000008c000000|  0%| F|  |TAMS 0x000000008bf00000, 0x000000008bf00000| Untracked 
|  56|0x000000008c000000, 0x000000008c000000, 0x000000008c100000|  0%| F|  |TAMS 0x000000008c000000, 0x000000008c000000| Untracked 
|  57|0x000000008c100000, 0x000000008c100000, 0x000000008c200000|  0%| F|  |TAMS 0x000000008c100000, 0x000000008c100000| Untracked 
|  58|0x000000008c200000, 0x000000008c200000, 0x000000008c300000|  0%| F|  |TAMS 0x000000008c200000, 0x000000008c200000| Untracked 
|  59|0x000000008c300000, 0x000000008c300000, 0x000000008c400000|  0%| F|  |TAMS 0x000000008c300000, 0x000000008c300000| Untracked 
|  60|0x000000008c400000, 0x000000008c400000, 0x000000008c500000|  0%| F|  |TAMS 0x000000008c400000, 0x000000008c400000| Untracked 
|  61|0x000000008c500000, 0x000000008c500000, 0x000000008c600000|  0%| F|  |TAMS 0x000000008c500000, 0x000000008c500000| Untracked 
|  62|0x000000008c600000, 0x000000008c600000, 0x000000008c700000|  0%| F|  |TAMS 0x000000008c600000, 0x000000008c600000| Untracked 
|  63|0x000000008c700000, 0x000000008c700000, 0x000000008c800000|  0%| F|  |TAMS 0x000000008c700000, 0x000000008c700000| Untracked 
|  64|0x000000008c800000, 0x000000008c800000, 0x000000008c900000|  0%| F|  |TAMS 0x000000008c800000, 0x000000008c800000| Untracked 
|  65|0x000000008c900000, 0x000000008c900000, 0x000000008ca00000|  0%| F|  |TAMS 0x000000008c900000, 0x000000008c900000| Untracked 
|  66|0x000000008ca00000, 0x000000008ca00000, 0x000000008cb00000|  0%| F|  |TAMS 0x000000008ca00000, 0x000000008ca00000| Untracked 
|  67|0x000000008cb00000, 0x000000008cb00000, 0x000000008cc00000|  0%| F|  |TAMS 0x000000008cb00000, 0x000000008cb00000| Untracked 
|  68|0x000000008cc00000, 0x000000008cc00000, 0x000000008cd00000|  0%| F|  |TAMS 0x000000008cc00000, 0x000000008cc00000| Untracked 
|  69|0x000000008cd00000, 0x000000008cd00000, 0x000000008ce00000|  0%| F|  |TAMS 0x000000008cd00000, 0x000000008cd00000| Untracked 
|  70|0x000000008ce00000, 0x000000008ce00000, 0x000000008cf00000|  0%| F|  |TAMS 0x000000008ce00000, 0x000000008ce00000| Untracked 
|  71|0x000000008cf00000, 0x000000008cf00000, 0x000000008d000000|  0%| F|  |TAMS 0x000000008cf00000, 0x000000008cf00000| Untracked 
|  72|0x000000008d000000, 0x000000008d000000, 0x000000008d100000|  0%| F|  |TAMS 0x000000008d000000, 0x000000008d000000| Untracked 
|  73|0x000000008d100000, 0x000000008d100000, 0x000000008d200000|  0%| F|  |TAMS 0x000000008d100000, 0x000000008d100000| Untracked 
|  74|0x000000008d200000, 0x000000008d200000, 0x000000008d300000|  0%| F|  |TAMS 0x000000008d200000, 0x000000008d200000| Untracked 
|  75|0x000000008d300000, 0x000000008d300000, 0x000000008d400000|  0%| F|  |TAMS 0x000000008d300000, 0x000000008d300000| Untracked 
|  76|0x000000008d400000, 0x000000008d400000, 0x000000008d500000|  0%| F|  |TAMS 0x000000008d400000, 0x000000008d400000| Untracked 
|  77|0x000000008d500000, 0x000000008d500000, 0x000000008d600000|  0%| F|  |TAMS 0x000000008d500000, 0x000000008d500000| Untracked 
|  78|0x000000008d600000, 0x000000008d600000, 0x000000008d700000|  0%| F|  |TAMS 0x000000008d600000, 0x000000008d600000| Untracked 
|  79|0x000000008d700000, 0x000000008d700000, 0x000000008d800000|  0%| F|  |TAMS 0x000000008d700000, 0x000000008d700000| Untracked 
|  80|0x000000008d800000, 0x000000008d800000, 0x000000008d900000|  0%| F|  |TAMS 0x000000008d800000, 0x000000008d800000| Untracked 
|  81|0x000000008d900000, 0x000000008d900000, 0x000000008da00000|  0%| F|  |TAMS 0x000000008d900000, 0x000000008d900000| Untracked 
|  82|0x000000008da00000, 0x000000008da00000, 0x000000008db00000|  0%| F|  |TAMS 0x000000008da00000, 0x000000008da00000| Untracked 
|  83|0x000000008db00000, 0x000000008db00000, 0x000000008dc00000|  0%| F|  |TAMS 0x000000008db00000, 0x000000008db00000| Untracked 
|  84|0x000000008dc00000, 0x000000008dc00000, 0x000000008dd00000|  0%| F|  |TAMS 0x000000008dc00000, 0x000000008dc00000| Untracked 
|  85|0x000000008dd00000, 0x000000008dd00000, 0x000000008de00000|  0%| F|  |TAMS 0x000000008dd00000, 0x000000008dd00000| Untracked 
|  86|0x000000008de00000, 0x000000008de00000, 0x000000008df00000|  0%| F|  |TAMS 0x000000008de00000, 0x000000008de00000| Untracked 
|  87|0x000000008df00000, 0x000000008df00000, 0x000000008e000000|  0%| F|  |TAMS 0x000000008df00000, 0x000000008df00000| Untracked 
|  88|0x000000008e000000, 0x000000008e000000, 0x000000008e100000|  0%| F|  |TAMS 0x000000008e000000, 0x000000008e000000| Untracked 
|  89|0x000000008e100000, 0x000000008e100000, 0x000000008e200000|  0%| F|  |TAMS 0x000000008e100000, 0x000000008e100000| Untracked 
|  90|0x000000008e200000, 0x000000008e200000, 0x000000008e300000|  0%| F|  |TAMS 0x000000008e200000, 0x000000008e200000| Untracked 
|  91|0x000000008e300000, 0x000000008e300000, 0x000000008e400000|  0%| F|  |TAMS 0x000000008e300000, 0x000000008e300000| Untracked 
|  92|0x000000008e400000, 0x000000008e400000, 0x000000008e500000|  0%| F|  |TAMS 0x000000008e400000, 0x000000008e400000| Untracked 
|  93|0x000000008e500000, 0x000000008e500000, 0x000000008e600000|  0%| F|  |TAMS 0x000000008e500000, 0x000000008e500000| Untracked 
|  94|0x000000008e600000, 0x000000008e600000, 0x000000008e700000|  0%| F|  |TAMS 0x000000008e600000, 0x000000008e600000| Untracked 
|  95|0x000000008e700000, 0x000000008e700000, 0x000000008e800000|  0%| F|  |TAMS 0x000000008e700000, 0x000000008e700000| Untracked 
|  96|0x000000008e800000, 0x000000008e800000, 0x000000008e900000|  0%| F|  |TAMS 0x000000008e800000, 0x000000008e800000| Untracked 
|  97|0x000000008e900000, 0x000000008e900000, 0x000000008ea00000|  0%| F|  |TAMS 0x000000008e900000, 0x000000008e900000| Untracked 
|  98|0x000000008ea00000, 0x000000008ea00000, 0x000000008eb00000|  0%| F|  |TAMS 0x000000008ea00000, 0x000000008ea00000| Untracked 
|  99|0x000000008eb00000, 0x000000008eb00000, 0x000000008ec00000|  0%| F|  |TAMS 0x000000008eb00000, 0x000000008eb00000| Untracked 
| 100|0x000000008ec00000, 0x000000008ec00000, 0x000000008ed00000|  0%| F|  |TAMS 0x000000008ec00000, 0x000000008ec00000| Untracked 
| 101|0x000000008ed00000, 0x000000008ed00000, 0x000000008ee00000|  0%| F|  |TAMS 0x000000008ed00000, 0x000000008ed00000| Untracked 
| 102|0x000000008ee00000, 0x000000008ee00000, 0x000000008ef00000|  0%| F|  |TAMS 0x000000008ee00000, 0x000000008ee00000| Untracked 
| 103|0x000000008ef00000, 0x000000008ef00000, 0x000000008f000000|  0%| F|  |TAMS 0x000000008ef00000, 0x000000008ef00000| Untracked 
| 104|0x000000008f000000, 0x000000008f000000, 0x000000008f100000|  0%| F|  |TAMS 0x000000008f000000, 0x000000008f000000| Untracked 
| 105|0x000000008f100000, 0x000000008f100000, 0x000000008f200000|  0%| F|  |TAMS 0x000000008f100000, 0x000000008f100000| Untracked 
| 106|0x000000008f200000, 0x000000008f200000, 0x000000008f300000|  0%| F|  |TAMS 0x000000008f200000, 0x000000008f200000| Untracked 
| 107|0x000000008f300000, 0x000000008f300000, 0x000000008f400000|  0%| F|  |TAMS 0x000000008f300000, 0x000000008f300000| Untracked 
| 108|0x000000008f400000, 0x000000008f400000, 0x000000008f500000|  0%| F|  |TAMS 0x000000008f400000, 0x000000008f400000| Untracked 
| 109|0x000000008f500000, 0x000000008f500000, 0x000000008f600000|  0%| F|  |TAMS 0x000000008f500000, 0x000000008f500000| Untracked 
| 110|0x000000008f600000, 0x000000008f600000, 0x000000008f700000|  0%| F|  |TAMS 0x000000008f600000, 0x000000008f600000| Untracked 
| 111|0x000000008f700000, 0x000000008f700000, 0x000000008f800000|  0%| F|  |TAMS 0x000000008f700000, 0x000000008f700000| Untracked 
| 112|0x000000008f800000, 0x000000008f800000, 0x000000008f900000|  0%| F|  |TAMS 0x000000008f800000, 0x000000008f800000| Untracked 
| 113|0x000000008f900000, 0x000000008fa00000, 0x000000008fa00000|100%| S|CS|TAMS 0x000000008f900000, 0x000000008f900000| Complete 
| 114|0x000000008fa00000, 0x000000008fa00000, 0x000000008fb00000|  0%| F|  |TAMS 0x000000008fa00000, 0x000000008fa00000| Untracked 
| 115|0x000000008fb00000, 0x000000008fbdd2c0, 0x000000008fc00000| 86%| E|  |TAMS 0x000000008fb00000, 0x000000008fb00000| Complete 
| 116|0x000000008fc00000, 0x000000008fd00000, 0x000000008fd00000|100%| E|CS|TAMS 0x000000008fc00000, 0x000000008fc00000| Complete 
| 117|0x000000008fd00000, 0x000000008fe00000, 0x000000008fe00000|100%| E|CS|TAMS 0x000000008fd00000, 0x000000008fd00000| Complete 
| 118|0x000000008fe00000, 0x000000008ff00000, 0x000000008ff00000|100%| E|CS|TAMS 0x000000008fe00000, 0x000000008fe00000| Complete 
| 119|0x000000008ff00000, 0x0000000090000000, 0x0000000090000000|100%| E|CS|TAMS 0x000000008ff00000, 0x000000008ff00000| Complete 

Card table byte_map: [0x0000020bf8860000,0x0000020bf8c20000] _byte_map_base: 0x0000020bf841c000

Marking Bits (Prev, Next): (CMBitMap*) 0x0000020bee682420, (CMBitMap*) 0x0000020bee682460
 Prev Bits: [0x0000020bf8fe0000, 0x0000020bfadc0000)
 Next Bits: [0x0000020bfadc0000, 0x0000020bfcba0000)

Polling page: 0x0000020bee500000

Metaspace:

Usage:
  Non-class:      5.91 MB capacity,     5.81 MB ( 98%) used,    94.80 KB (  2%) free+waste,    11.06 KB ( <1%) overhead. 
      Class:    783.00 KB capacity,   733.62 KB ( 94%) used,    44.26 KB (  6%) free+waste,     5.13 KB ( <1%) overhead. 
       Both:      6.67 MB capacity,     6.52 MB ( 98%) used,   139.06 KB (  2%) free+waste,    16.19 KB ( <1%) overhead. 

Virtual space:
  Non-class space:        8.00 MB reserved,       6.00 MB ( 75%) committed 
      Class space:        1.00 GB reserved,     896.00 KB ( <1%) committed 
             Both:        1.01 GB reserved,       6.88 MB ( <1%) committed 

Chunk freelists:
   Non-Class:  29.00 KB
       Class:  17.00 KB
        Both:  46.00 KB

MaxMetaspaceSize: 17179869184.00 GB
CompressedClassSpaceSize: 1.00 GB

CodeHeap 'non-profiled nmethods': size=120064Kb used=233Kb max_used=233Kb free=119830Kb
 bounds [0x0000020b87ac0000, 0x0000020b87d30000, 0x0000020b8f000000]
CodeHeap 'profiled nmethods': size=120000Kb used=1078Kb max_used=1078Kb free=118921Kb
 bounds [0x0000020b80590000, 0x0000020b80800000, 0x0000020b87ac0000]
CodeHeap 'non-nmethods': size=5696Kb used=1334Kb max_used=1352Kb free=4361Kb
 bounds [0x0000020b80000000, 0x0000020b80270000, 0x0000020b80590000]
 total_blobs=1272 nmethods=743 adapters=443
 compilation: enabled
              stopped_count=0, restarted_count=0
 full_count=0

Compilation events (20 events):
Event: 74.446 Thread 0x0000020bfefbb150 nmethod 736 0x0000020b8069ae90 code [0x0000020b8069b0a0, 0x0000020b8069b928]
Event: 74.446 Thread 0x0000020bfefbb150  737       1       java.beans.PropertyChangeEvent::getOldValue (5 bytes)
Event: 74.446 Thread 0x0000020bfefbb150 nmethod 737 0x0000020b87af7290 code [0x0000020b87af7420, 0x0000020b87af74d8]
Event: 74.449 Thread 0x0000020bfef50c50 nmethod 732 0x0000020b87af7590 code [0x0000020b87af7740, 0x0000020b87af7ca8]
Event: 74.449 Thread 0x0000020bfef50c50  734       4       java.util.HashMap::put (13 bytes)
Event: 74.478 Thread 0x0000020bfef50c50 nmethod 734 0x0000020b87af8010 code [0x0000020b87af8220, 0x0000020b87af9218]
Event: 74.478 Thread 0x0000020bfef50c50  738       4       jdk.internal.logger.SurrogateLogger::defaultPlatformLevel (4 bytes)
Event: 74.479 Thread 0x0000020bfef50c50 nmethod 738 0x0000020b87af9b10 code [0x0000020b87af9c80, 0x0000020b87af9cf8]
Event: 74.479 Thread 0x0000020bfef50c50  739       4       java.util.HashMap::afterNodeAccess (1 bytes)
Event: 74.479 Thread 0x0000020bfef50c50 nmethod 739 0x0000020b87af9e10 code [0x0000020b87af9f80, 0x0000020b87af9fd8]
Event: 74.489 Thread 0x0000020bfefbb150  740       3       java.awt.Color::<init> (11 bytes)
Event: 74.489 Thread 0x0000020bfefbb150 nmethod 740 0x0000020b8069bc10 code [0x0000020b8069bdc0, 0x0000020b8069bf08]
Event: 74.489 Thread 0x0000020bfefbb150  743       1       sun.java2d.SurfaceData::isValid (5 bytes)
Event: 74.489 Thread 0x0000020bfefbb150 nmethod 743 0x0000020b87afa110 code [0x0000020b87afa2a0, 0x0000020b87afa358]
Event: 74.489 Thread 0x0000020bfefbb150  744       1       sun.java2d.SurfaceData::isSurfaceLost (5 bytes)
Event: 74.489 Thread 0x0000020bfefbb150 nmethod 744 0x0000020b87afa410 code [0x0000020b87afa5a0, 0x0000020b87afa658]
Event: 74.489 Thread 0x0000020bfefbb150  741       3       java.awt.Color::<init> (72 bytes)
Event: 74.490 Thread 0x0000020bfefbb150 nmethod 741 0x0000020b8069bf90 code [0x0000020b8069c140, 0x0000020b8069c3c8]
Event: 74.490 Thread 0x0000020bfefbb150  742       3       java.awt.Color::testColorValueRange (121 bytes)
Event: 74.490 Thread 0x0000020bfefbb150 nmethod 742 0x0000020b8069c490 code [0x0000020b8069c6a0, 0x0000020b8069ccd8]

GC Heap History (2 events):
Event: 3.523 GC heap before
{Heap before GC invocations=0 (full 0):
 garbage-first heap   total 122880K, used 5120K [0x0000000088800000, 0x0000000100000000)
  region size 1024K, 6 young (6144K), 0 survivors (0K)
 Metaspace       used 3468K, capacity 4787K, committed 4864K, reserved 1056768K
  class space    used 335K, capacity 466K, committed 512K, reserved 1048576K
}
Event: 3.530 GC heap after
{Heap after GC invocations=1 (full 0):
 garbage-first heap   total 122880K, used 1308K [0x0000000088800000, 0x0000000100000000)
  region size 1024K, 1 young (1024K), 1 survivors (1024K)
 Metaspace       used 3468K, capacity 4787K, committed 4864K, reserved 1056768K
  class space    used 335K, capacity 466K, committed 512K, reserved 1048576K
}

Deoptimization events (20 events):
Event: 1.118 Thread 0x0000020bee643630 Uncommon trap: trap_request=0xffffff45 fr.pc=0x0000020b87ace67c relative=0x00000000000000dc
Event: 1.118 Thread 0x0000020bee643630 Uncommon trap: reason=unstable_if action=reinterpret pc=0x0000020b87ace67c method=java.lang.String.charAt(I)C @ 4 c2
Event: 1.118 Thread 0x0000020bee643630 DEOPT PACKING pc=0x0000020b87ace67c sp=0x000000907deff150
Event: 1.118 Thread 0x0000020bee643630 DEOPT UNPACKING pc=0x0000020b8004e12f sp=0x000000907deff100 mode 2
Event: 74.441 Thread 0x0000020b90405610 Uncommon trap: trap_request=0xffffffde fr.pc=0x0000020b87aee148 relative=0x0000000000000da8
Event: 74.441 Thread 0x0000020b90405610 Uncommon trap: reason=class_check action=maybe_recompile pc=0x0000020b87aee148 method=java.util.HashMap.putVal(ILjava/lang/Object;Ljava/lang/Object;ZZ)Ljava/lang/Object; @ 203 c2
Event: 74.441 Thread 0x0000020b90405610 DEOPT PACKING pc=0x0000020b87aee148 sp=0x00000090000fe990
Event: 74.441 Thread 0x0000020b90405610 DEOPT UNPACKING pc=0x0000020b8004e12f sp=0x00000090000fe8f8 mode 2
Event: 74.441 Thread 0x0000020b90405610 Uncommon trap: trap_request=0xffffffde fr.pc=0x0000020b87aee148 relative=0x0000000000000da8
Event: 74.441 Thread 0x0000020b90405610 Uncommon trap: reason=class_check action=maybe_recompile pc=0x0000020b87aee148 method=java.util.HashMap.putVal(ILjava/lang/Object;Ljava/lang/Object;ZZ)Ljava/lang/Object; @ 203 c2
Event: 74.441 Thread 0x0000020b90405610 DEOPT PACKING pc=0x0000020b87aee148 sp=0x00000090000fe990
Event: 74.441 Thread 0x0000020b90405610 DEOPT UNPACKING pc=0x0000020b8004e12f sp=0x00000090000fe8f8 mode 2
Event: 74.442 Thread 0x0000020b90405610 Uncommon trap: trap_request=0xffffffde fr.pc=0x0000020b87aee148 relative=0x0000000000000da8
Event: 74.442 Thread 0x0000020b90405610 Uncommon trap: reason=class_check action=maybe_recompile pc=0x0000020b87aee148 method=java.util.HashMap.putVal(ILjava/lang/Object;Ljava/lang/Object;ZZ)Ljava/lang/Object; @ 203 c2
Event: 74.442 Thread 0x0000020b90405610 DEOPT PACKING pc=0x0000020b87aee148 sp=0x00000090000fe990
Event: 74.442 Thread 0x0000020b90405610 DEOPT UNPACKING pc=0x0000020b8004e12f sp=0x00000090000fe8f8 mode 2
Event: 74.442 Thread 0x0000020b90405610 Uncommon trap: trap_request=0xffffffde fr.pc=0x0000020b87aee148 relative=0x0000000000000da8
Event: 74.442 Thread 0x0000020b90405610 Uncommon trap: reason=class_check action=maybe_recompile pc=0x0000020b87aee148 method=java.util.HashMap.putVal(ILjava/lang/Object;Ljava/lang/Object;ZZ)Ljava/lang/Object; @ 203 c2
Event: 74.442 Thread 0x0000020b90405610 DEOPT PACKING pc=0x0000020b87aee148 sp=0x00000090000fe990
Event: 74.442 Thread 0x0000020b90405610 DEOPT UNPACKING pc=0x0000020b8004e12f sp=0x00000090000fe8f8 mode 2

Classes unloaded (0 events):
No events

Classes redefined (0 events):
No events

Internal exceptions (13 events):
Event: 1.838 Thread 0x0000020bee643630 Exception <a 'java/lang/NoSuchMethodError'{0x000000008fd49168}: 'void java.lang.invoke.DirectMethodHandle$Holder.invokeSpecial(java.lang.Object, java.lang.Object, java.lang.Object)'> (0x000000008fd49168) 
thrown [./open/src/hotspot/share/interpreter/linkResolver.cpp, line 782]
Event: 2.020 Thread 0x0000020bee643630 Exception <a 'java/lang/ClassNotFoundException'{0x000000008fda8d88}: sun/awt/resources/spi/awtProvider> (0x000000008fda8d88) 
thrown [./open/src/hotspot/share/classfile/systemDictionary.cpp, line 295]
Event: 2.279 Thread 0x0000020bee643630 Exception <a 'java/io/FileNotFoundException'{0x000000008fc2a970}> (0x000000008fc2a970) 
thrown [./open/src/hotspot/share/prims/jni.cpp, line 578]
Event: 2.379 Thread 0x0000020bee643630 Exception <a 'java/io/FileNotFoundException'{0x000000008fc5b7e8}> (0x000000008fc5b7e8) 
thrown [./open/src/hotspot/share/prims/jni.cpp, line 578]
Event: 2.384 Thread 0x0000020bee643630 Exception <a 'java/lang/NoSuchMethodError'{0x000000008fc5e2c8}: 'java.lang.Object java.lang.invoke.DirectMethodHandle$Holder.invokeStatic(java.lang.Object)'> (0x000000008fc5e2c8) 
thrown [./open/src/hotspot/share/interpreter/linkResolver.cpp, line 782]
Event: 2.957 Thread 0x0000020bee643630 Exception <a 'java/lang/NoSuchMethodError'{0x000000008fbc7918}: 'java.lang.Object java.lang.invoke.DirectMethodHandle$Holder.invokeStaticInit(java.lang.Object)'> (0x000000008fbc7918) 
thrown [./open/src/hotspot/share/interpreter/linkResolver.cpp, line 782]
Event: 3.310 Thread 0x0000020bee643630 Exception <a 'java/lang/NoSuchMethodError'{0x000000008fa852e0}: 'java.lang.Object java.lang.invoke.DirectMethodHandle$Holder.newInvokeSpecial(java.lang.Object, java.lang.Object, java.lang.Object, java.lang.Object, java.lang.Object)'> (0x000000008fa852e0) 
thrown [./open/src/hotspot/share/interpreter/linkResolver.cpp, line 782]
Event: 3.318 Thread 0x0000020bee643630 Exception <a 'java/lang/NoSuchMethodError'{0x000000008fa90d70}: 'java.lang.Object java.lang.invoke.DirectMethodHandle$Holder.invokeStatic(java.lang.Object, int, java.lang.Object, java.lang.Object, java.lang.Object, java.lang.Object)'> (0x000000008fa90d70) 
thrown [./open/src/hotspot/share/interpreter/linkResolver.cpp, line 782]
Event: 3.386 Thread 0x0000020bee643630 Exception <a 'java/lang/NoSuchMethodError'{0x000000008fab7dd0}: 'java.lang.Object java.lang.invoke.DirectMethodHandle$Holder.invokeStatic(java.lang.Object, int, java.lang.Object)'> (0x000000008fab7dd0) 
thrown [./open/src/hotspot/share/interpreter/linkResolver.cpp, line 782]
Event: 3.782 Thread 0x0000020bee643630 Exception <a 'java/lang/ClassNotFoundException'{0x000000008ffd3448}: com/sun/swing/internal/plaf/metal/resources/spi/metalProvider> (0x000000008ffd3448) 
thrown [./open/src/hotspot/share/classfile/systemDictionary.cpp, line 295]
Event: 3.788 Thread 0x0000020bee643630 Exception <a 'java/lang/ClassNotFoundException'{0x000000008ffd9d00}: com/sun/swing/internal/plaf/basic/resources/spi/basicProvider> (0x000000008ffd9d00) 
thrown [./open/src/hotspot/share/classfile/systemDictionary.cpp, line 295]
Event: 5.309 Thread 0x0000020bee643630 Exception <a 'java/lang/NoSuchMethodError'{0x000000008fdb98f8}: 'void java.lang.invoke.DirectMethodHandle$Holder.invokeStaticInit(java.lang.Object)'> (0x000000008fdb98f8) 
thrown [./open/src/hotspot/share/interpreter/linkResolver.cpp, line 782]
Event: 74.140 Thread 0x0000020bffc6f590 Exception <a 'java/lang/NoSuchMethodError'{0x000000008fcb60b0}: 'void java.lang.invoke.DirectMethodHandle$Holder.invokeVirtual(java.lang.Object, java.lang.Object)'> (0x000000008fcb60b0) 
thrown [./open/src/hotspot/share/interpreter/linkResolver.cpp, line 782]

Events (20 events):
Event: 74.432 loading class java/text/AttributedString done
Event: 74.433 loading class java/text/AttributedString$AttributedStringIterator
Event: 74.433 loading class java/text/AttributedCharacterIterator
Event: 74.433 loading class java/text/CharacterIterator
Event: 74.433 loading class java/text/CharacterIterator done
Event: 74.433 loading class java/text/AttributedCharacterIterator done
Event: 74.433 loading class java/text/AttributedString$AttributedStringIterator done
Event: 74.433 loading class java/awt/TextComponent
Event: 74.434 loading class java/awt/TextComponent done
Event: 74.434 loading class javax/swing/text/JTextComponent
Event: 74.435 loading class javax/swing/Scrollable
Event: 74.435 loading class javax/swing/Scrollable done
Event: 74.435 loading class javax/swing/text/JTextComponent done
Event: 74.494 loading class jdk/internal/misc/Signal$1
Event: 74.495 loading class jdk/internal/misc/Signal$1 done
Event: 74.495 Thread 0x0000020b90453070 Thread added: 0x0000020b90453070
Event: 74.498 Thread 0x0000020b90453540 Thread added: 0x0000020b90453540
Event: 74.498 Thread 0x0000020b90453ee0 Thread added: 0x0000020b90453ee0
Event: 74.501 Thread 0x0000020b90453ee0 Thread exited: 0x0000020b90453ee0
Event: 74.554 Thread 0x0000020b90456a30 Thread exited: 0x0000020b90456a30


Dynamic libraries:
0x00007ff6aac80000 - 0x00007ff6aac8d000 	C:\Users\carlo\.jdks\openjdk-15\bin\java.exe
0x00007ffb47060000 - 0x00007ffb47250000 	C:\WINDOWS\SYSTEM32\ntdll.dll
0x00007ffb457d0000 - 0x00007ffb45882000 	C:\WINDOWS\System32\KERNEL32.DLL
0x00007ffb43ff0000 - 0x00007ffb44295000 	C:\WINDOWS\System32\KERNELBASE.dll
0x00007ffb442a0000 - 0x00007ffb4439a000 	C:\WINDOWS\System32\ucrtbase.dll
0x00007ffb41c70000 - 0x00007ffb41c88000 	C:\Users\carlo\.jdks\openjdk-15\bin\jli.dll
0x00007ffb454f0000 - 0x00007ffb45685000 	C:\WINDOWS\System32\USER32.dll
0x00007ffb44900000 - 0x00007ffb44921000 	C:\WINDOWS\System32\win32u.dll
0x00007ffb46fc0000 - 0x00007ffb46fe6000 	C:\WINDOWS\System32\GDI32.dll
0x00007ffb44520000 - 0x00007ffb446b6000 	C:\WINDOWS\System32\gdi32full.dll
0x00007ffb446e0000 - 0x00007ffb4477e000 	C:\WINDOWS\System32\msvcp_win.dll
0x00007ffb41c10000 - 0x00007ffb41c29000 	C:\Users\carlo\.jdks\openjdk-15\bin\VCRUNTIME140.dll
0x00007ffb35b00000 - 0x00007ffb35d84000 	C:\WINDOWS\WinSxS\amd64_microsoft.windows.common-controls_6595b64144ccf1df_6.0.18362.1082_none_9e8193e1e45b25c1\COMCTL32.dll
0x00007ffb45450000 - 0x00007ffb454ee000 	C:\WINDOWS\System32\msvcrt.dll
0x00007ffb461e0000 - 0x00007ffb46515000 	C:\WINDOWS\System32\combase.dll
0x00007ffb45a10000 - 0x00007ffb45b30000 	C:\WINDOWS\System32\RPCRT4.dll
0x00007ffb44780000 - 0x00007ffb44800000 	C:\WINDOWS\System32\bcryptPrimitives.dll
0x00007ffb46ff0000 - 0x00007ffb4701e000 	C:\WINDOWS\System32\IMM32.DLL
0x00007ffb41c60000 - 0x00007ffb41c6c000 	C:\Users\carlo\.jdks\openjdk-15\bin\vcruntime140_1.dll
0x00007ffb20ba0000 - 0x00007ffb20c31000 	C:\Users\carlo\.jdks\openjdk-15\bin\msvcp140.dll
0x00007ffaef690000 - 0x00007ffaf01ec000 	C:\Users\carlo\.jdks\openjdk-15\bin\server\jvm.dll
0x00007ffb45b30000 - 0x00007ffb45bd3000 	C:\WINDOWS\System32\ADVAPI32.dll
0x00007ffb460e0000 - 0x00007ffb46177000 	C:\WINDOWS\System32\sechost.dll
0x00007ffb46520000 - 0x00007ffb46528000 	C:\WINDOWS\System32\PSAPI.DLL
0x00007ffb34110000 - 0x00007ffb34119000 	C:\WINDOWS\SYSTEM32\WSOCK32.dll
0x00007ffb452e0000 - 0x00007ffb4534f000 	C:\WINDOWS\System32\WS2_32.dll
0x00007ffb41bc0000 - 0x00007ffb41be4000 	C:\WINDOWS\SYSTEM32\WINMM.dll
0x00007ffb3d470000 - 0x00007ffb3d47a000 	C:\WINDOWS\SYSTEM32\VERSION.dll
0x00007ffb40990000 - 0x00007ffb409bd000 	C:\WINDOWS\SYSTEM32\WINMMBASE.dll
0x00007ffb44800000 - 0x00007ffb4484a000 	C:\WINDOWS\System32\cfgmgr32.dll
0x00007ffb43fd0000 - 0x00007ffb43fe1000 	C:\WINDOWS\System32\kernel.appcore.dll
0x00007ffb41c00000 - 0x00007ffb41c0a000 	C:\Users\carlo\.jdks\openjdk-15\bin\jimage.dll
0x00007ffb42900000 - 0x00007ffb42af4000 	C:\WINDOWS\SYSTEM32\DBGHELP.DLL
0x00007ffb33db0000 - 0x00007ffb33dda000 	C:\WINDOWS\SYSTEM32\dbgcore.DLL
0x00007ffb3ee20000 - 0x00007ffb3ee59000 	C:\Users\carlo\.jdks\openjdk-15\bin\jdwp.dll
0x00007ffb403c0000 - 0x00007ffb403ce000 	C:\Users\carlo\.jdks\openjdk-15\bin\instrument.dll
0x00007ffb403d0000 - 0x00007ffb403f5000 	C:\Users\carlo\.jdks\openjdk-15\bin\java.dll
0x00007ffb46720000 - 0x00007ffb46e07000 	C:\WINDOWS\System32\SHELL32.dll
0x00007ffb45890000 - 0x00007ffb45939000 	C:\WINDOWS\System32\shcore.dll
0x00007ffb44930000 - 0x00007ffb450b0000 	C:\WINDOWS\System32\windows.storage.dll
0x00007ffb43f80000 - 0x00007ffb43fa3000 	C:\WINDOWS\System32\profapi.dll
0x00007ffb43f30000 - 0x00007ffb43f7a000 	C:\WINDOWS\System32\powrprof.dll
0x00007ffb43f20000 - 0x00007ffb43f30000 	C:\WINDOWS\System32\UMPDC.dll
0x00007ffb453f0000 - 0x00007ffb45442000 	C:\WINDOWS\System32\shlwapi.dll
0x00007ffb446c0000 - 0x00007ffb446d7000 	C:\WINDOWS\System32\cryptsp.dll
0x00007ffb3da60000 - 0x00007ffb3da6b000 	C:\Users\carlo\.jdks\openjdk-15\bin\dt_socket.dll
0x00007ffb43420000 - 0x00007ffb4345a000 	C:\WINDOWS\SYSTEM32\IPHLPAPI.DLL
0x00007ffb43710000 - 0x00007ffb43777000 	C:\WINDOWS\system32\mswsock.dll
0x00007ffb32060000 - 0x00007ffb32078000 	C:\Users\carlo\.jdks\openjdk-15\bin\zip.dll
0x00007ffb320b0000 - 0x00007ffb320c9000 	C:\Users\carlo\.jdks\openjdk-15\bin\net.dll
0x00007ffb3c2a0000 - 0x00007ffb3c390000 	C:\WINDOWS\SYSTEM32\WINHTTP.dll
0x00007ffb32090000 - 0x00007ffb320a2000 	C:\Users\carlo\.jdks\openjdk-15\bin\nio.dll
0x00007ffb196e0000 - 0x00007ffb1985f000 	C:\Users\carlo\.jdks\openjdk-15\bin\awt.dll
0x00007ffb45940000 - 0x00007ffb45a05000 	C:\WINDOWS\System32\OLEAUT32.dll
0x00007ffb42250000 - 0x00007ffb422df000 	C:\WINDOWS\SYSTEM32\apphelp.dll
0x00007ffb42300000 - 0x00007ffb42399000 	C:\WINDOWS\system32\uxtheme.dll
0x00007ffb465e0000 - 0x00007ffb46715000 	C:\WINDOWS\System32\MSCTF.dll
0x00007ffb45180000 - 0x00007ffb452d7000 	C:\WINDOWS\System32\ole32.dll
0x00007ffb423d0000 - 0x00007ffb423fd000 	C:\WINDOWS\system32\DWMAPI.DLL
0x00007ffb0d770000 - 0x00007ffb0d8c6000 	C:\WINDOWS\system32\opengl32.dll
0x00007ffb1e880000 - 0x00007ffb1e8ac000 	C:\WINDOWS\SYSTEM32\GLU32.dll
0x00007ffb42b50000 - 0x00007ffb42b70000 	C:\WINDOWS\SYSTEM32\dxcore.dll
0x00007ffb31fc0000 - 0x00007ffb31fd0000 	C:\Users\carlo\.jdks\openjdk-15\bin\verify.dll
0x00007ffb19650000 - 0x00007ffb196d5000 	C:\Users\carlo\.jdks\openjdk-15\bin\freetype.dll
0x00007ffaf1480000 - 0x00007ffaf1529000 	C:\Users\carlo\.jdks\openjdk-15\bin\fontmanager.dll
0x00007ffb3b710000 - 0x00007ffb3b7ae000 	C:\WINDOWS\System32\TextInputFramework.dll
0x00007ffb3f1b0000 - 0x00007ffb3f4da000 	C:\WINDOWS\System32\CoreUIComponents.dll
0x00007ffb41dc0000 - 0x00007ffb41e94000 	C:\WINDOWS\System32\CoreMessaging.dll
0x00007ffb42f60000 - 0x00007ffb42f91000 	C:\WINDOWS\SYSTEM32\ntmarta.dll
0x00007ffb3e930000 - 0x00007ffb3ea83000 	C:\WINDOWS\SYSTEM32\wintypes.dll
0x00007ffb24720000 - 0x00007ffb24785000 	C:\WINDOWS\system32\Oleacc.dll

dbghelp: loaded successfully - version: 4.0.5 - missing functions: none
symbol engine: initialized successfully - sym options: 0x614 - pdb path: .;C:\Users\carlo\.jdks\openjdk-15\bin;C:\WINDOWS\SYSTEM32;C:\WINDOWS\WinSxS\amd64_microsoft.windows.common-controls_6595b64144ccf1df_6.0.18362.1082_none_9e8193e1e45b25c1;C:\Users\carlo\.jdks\openjdk-15\bin\server;C:\WINDOWS\System32\DriverStore\FileRepository\c0357018.inf_amd64_f26a13271ebde80b\B354982

VM Arguments:
jvm_args: -agentlib:jdwp=transport=dt_socket,address=127.0.0.1:54503,suspend=y,server=n -javaagent:C:\Users\carlo\AppData\Local\JetBrains\IdeaIC2020.2\captureAgent\debugger-agent.jar -Dfile.encoding=UTF-8 
java_command: prove02.Game
java_class_path (initial): E:\GDrive\GitHub\2020-cs246\CS246 w02\prove02\GameOfLife\out\production\GameOfLife;C:\Program Files\JetBrains\IntelliJ IDEA Community Edition 2020.2.2\lib\idea_rt.jar
Launcher Type: SUN_STANDARD

[Global flags]
     intx CICompilerCount                          = 2                                         {product} {ergonomic}
     uint ConcGCThreads                            = 1                                         {product} {ergonomic}
     uint G1ConcRefinementThreads                  = 2                                         {product} {ergonomic}
   size_t G1HeapRegionSize                         = 1048576                                   {product} {ergonomic}
    uintx GCDrainStackTargetSize                   = 64                                        {product} {ergonomic}
   size_t InitialHeapSize                          = 125829120                                 {product} {ergonomic}
   size_t MarkStackSize                            = 4194304                                   {product} {ergonomic}
   size_t MaxHeapSize                              = 2004877312                                {product} {ergonomic}
   size_t MaxNewSize                               = 1202716672                                {product} {ergonomic}
   size_t MinHeapDeltaBytes                        = 1048576                                   {product} {ergonomic}
   size_t MinHeapSize                              = 8388608                                   {product} {ergonomic}
    uintx NonNMethodCodeHeapSize                   = 5826188                                {pd product} {ergonomic}
    uintx NonProfiledCodeHeapSize                  = 122916026                              {pd product} {ergonomic}
    uintx ProfiledCodeHeapSize                     = 122916026                              {pd product} {ergonomic}
    uintx ReservedCodeCacheSize                    = 251658240                              {pd product} {ergonomic}
     bool SegmentedCodeCache                       = true                                      {product} {ergonomic}
   size_t SoftMaxHeapSize                          = 2004877312                             {manageable} {ergonomic}
     bool UseCompressedClassPointers               = true                                 {lp64_product} {ergonomic}
     bool UseCompressedOops                        = true                                 {lp64_product} {ergonomic}
     bool UseG1GC                                  = true                                      {product} {ergonomic}
     bool UseLargePagesIndividualAllocation        = false                                  {pd product} {ergonomic}

Logging:
Log output configuration:
 #0: stdout all=warning uptime,level,tags
 #1: stderr all=off uptime,level,tags

Environment Variables:
JAVA_HOME=C:\Program Files\Java\jdk1.8.0_221\bin
PATH=C:\PROGRA~2\Borland\CBUILD~1\Bin;C:\PROGRA~2\Borland\CBUILD~1\Projects\Bpl;C:\Program Files (x86)\Common Files\Oracle\Java\javapath;C:\WINDOWS\system32;C:\WINDOWS;C:\WINDOWS\System32\Wbem;C:\WINDOWS\System32\WindowsPowerShell\v1.0\;C:\WINDOWS\System32\OpenSSH\;C:\Program Files (x86)\Windows Live\Shared;C:\Program Files\Java\jdk1.8.0_221\bin;C:\Program Files\Microsoft VS Code\bin;C:\Program Files (x86)\Brackets\command;C:\Program Files\nodejs\;C:\ProgramData\chocolatey\bin;C:\Program Files\Git\cmd;C:\Program Files\MySQL\MySQL Shell 8.0\bin\;C:\Users\carlo\AppData\Local\Microsoft\WindowsApps;C:\Program Files (x86)\Microsoft VS Code\bin;C:\Program Files\Microsoft VS Code\bin;C:\wamp64\bin\php\php7.3.5;C:\Users\carlo\AppData\Local\GitHubDesktop\bin;C:\Users\carlo\AppData\Local\atom\bin;C:\Program Files\JetBrains\PyCharm Community Edition 2020.1.1\bin;;c:\Users\carlo\AppData\Local\Packages\PythonSoftwareFoundation.Python.3.8_qbz5n2kfra8p0\LocalCache\local-packages\Python38\Scripts;C:\Users\carlo\AppData\Roaming\npm;C:\Program Files\JetBrains\IntelliJ IDEA Community Edition 2020.2.2\bin;
USERNAME=Carlos
OS=Windows_NT
PROCESSOR_IDENTIFIER=AMD64 Family 21 Model 112 Stepping 0, AuthenticAMD



---------------  S Y S T E M  ---------------

OS:
 Windows 10 , 64 bit Build 18362 (10.0.18362.1082)
OS uptime: 0 days 11:19 hours

CPU: total 2 (initial active 2) (2 cores per cpu, 1 threads per core) family 21 model 112 stepping 0, cmov, cx8, fxsr, mmx, sse, sse2, sse3, ssse3, sse4.1, sse4.2, popcnt, vzeroupper, avx, avx2, aes, clmul, 3dnowpref, lzcnt, sse4a, tsc, tscinvbit, tscinv, bmi1, bmi2, fma, clflush

Memory: 4k page, system-wide physical 7645M (2088M free)
TotalPageFile size 12145M (AvailPageFile size 2949M)
current process WorkingSet (physical memory assigned to process): 58M, peak: 70M
current process commit charge ("private bytes"): 207M, peak: 222M

vm_info: OpenJDK 64-Bit Server VM (15+36-1562) for windows-amd64 JRE (15+36-1562), built on Aug 11 2020 22:33:04 by "mach5one" with unknown MS VC++:1925

END.
